2018-05-10 15:55:10 [scrapy.utils.log] INFO: Scrapy 1.5.0 started (bot: get_douban)
2018-05-10 15:55:10 [scrapy.utils.log] INFO: Versions: lxml 4.2.1.0, libxml2 2.9.8, cssselect 1.0.3, parsel 1.4.0, w3lib 1.19.0, Twisted 18.4.0, Python 3.6.1 (v3.6.1:69c0db5050, Mar 21 2017, 01:21:04) - [GCC 4.2.1 (Apple Inc. build 5666) (dot 3)], pyOpenSSL 17.5.0 (OpenSSL 1.1.0h  27 Mar 2018), cryptography 2.2.2, Platform Darwin-17.5.0-x86_64-i386-64bit
2018-05-10 15:55:10 [scrapy.crawler] INFO: Overridden settings: {'BOT_NAME': 'get_douban', 'LOG_FILE': 'all.log', 'NEWSPIDER_MODULE': 'get_douban.spiders', 'ROBOTSTXT_OBEY': True, 'SPIDER_MODULES': ['get_douban.spiders']}
2018-05-10 15:55:10 [scrapy.middleware] INFO: Enabled extensions:
['scrapy.extensions.corestats.CoreStats',
 'scrapy.extensions.telnet.TelnetConsole',
 'scrapy.extensions.memusage.MemoryUsage',
 'scrapy.extensions.logstats.LogStats']
2018-05-10 15:55:10 [scrapy.middleware] INFO: Enabled downloader middlewares:
['scrapy.downloadermiddlewares.robotstxt.RobotsTxtMiddleware',
 'scrapy.downloadermiddlewares.httpauth.HttpAuthMiddleware',
 'scrapy.downloadermiddlewares.downloadtimeout.DownloadTimeoutMiddleware',
 'scrapy.downloadermiddlewares.defaultheaders.DefaultHeadersMiddleware',
 'scrapy.downloadermiddlewares.useragent.UserAgentMiddleware',
 'scrapy.downloadermiddlewares.retry.RetryMiddleware',
 'scrapy.downloadermiddlewares.redirect.MetaRefreshMiddleware',
 'scrapy.downloadermiddlewares.httpcompression.HttpCompressionMiddleware',
 'scrapy.downloadermiddlewares.redirect.RedirectMiddleware',
 'scrapy.downloadermiddlewares.cookies.CookiesMiddleware',
 'scrapy.downloadermiddlewares.httpproxy.HttpProxyMiddleware',
 'scrapy.downloadermiddlewares.stats.DownloaderStats']
2018-05-10 15:55:10 [scrapy.middleware] INFO: Enabled spider middlewares:
['scrapy.spidermiddlewares.httperror.HttpErrorMiddleware',
 'scrapy.spidermiddlewares.offsite.OffsiteMiddleware',
 'scrapy.spidermiddlewares.referer.RefererMiddleware',
 'scrapy.spidermiddlewares.urllength.UrlLengthMiddleware',
 'scrapy.spidermiddlewares.depth.DepthMiddleware']
2018-05-10 15:55:10 [scrapy.middleware] INFO: Enabled item pipelines:
[]
2018-05-10 15:55:10 [scrapy.core.engine] INFO: Spider opened
2018-05-10 15:55:10 [scrapy.extensions.logstats] INFO: Crawled 0 pages (at 0 pages/min), scraped 0 items (at 0 items/min)
2018-05-10 15:55:10 [scrapy.extensions.telnet] DEBUG: Telnet console listening on 127.0.0.1:6023
2018-05-10 15:55:10 [scrapy.core.engine] DEBUG: Crawled (403) <GET http://movie.douban.com/robots.txt> (referer: None)
2018-05-10 15:55:10 [scrapy.core.engine] DEBUG: Crawled (403) <GET http://movie.douban.com/top250> (referer: None)
2018-05-10 15:55:10 [scrapy.spidermiddlewares.httperror] INFO: Ignoring response <403 http://movie.douban.com/top250>: HTTP status code is not handled or not allowed
2018-05-10 15:55:10 [scrapy.core.engine] INFO: Closing spider (finished)
2018-05-10 15:55:10 [scrapy.statscollectors] INFO: Dumping Scrapy stats:
{'downloader/request_bytes': 446,
 'downloader/request_count': 2,
 'downloader/request_method_count/GET': 2,
 'downloader/response_bytes': 496,
 'downloader/response_count': 2,
 'downloader/response_status_count/403': 2,
 'finish_reason': 'finished',
 'finish_time': datetime.datetime(2018, 5, 10, 7, 55, 10, 482310),
 'httperror/response_ignored_count': 1,
 'httperror/response_ignored_status_count/403': 1,
 'log_count/DEBUG': 3,
 'log_count/INFO': 8,
 'memusage/max': 66977792,
 'memusage/startup': 66973696,
 'response_received_count': 2,
 'scheduler/dequeued': 1,
 'scheduler/dequeued/memory': 1,
 'scheduler/enqueued': 1,
 'scheduler/enqueued/memory': 1,
 'start_time': datetime.datetime(2018, 5, 10, 7, 55, 10, 345984)}
2018-05-10 15:55:10 [scrapy.core.engine] INFO: Spider closed (finished)
2018-05-10 16:17:09 [scrapy.utils.log] INFO: Scrapy 1.5.0 started (bot: get_douban)
2018-05-10 16:17:09 [scrapy.utils.log] INFO: Versions: lxml 4.2.1.0, libxml2 2.9.8, cssselect 1.0.3, parsel 1.4.0, w3lib 1.19.0, Twisted 18.4.0, Python 3.6.1 (v3.6.1:69c0db5050, Mar 21 2017, 01:21:04) - [GCC 4.2.1 (Apple Inc. build 5666) (dot 3)], pyOpenSSL 17.5.0 (OpenSSL 1.1.0h  27 Mar 2018), cryptography 2.2.2, Platform Darwin-17.5.0-x86_64-i386-64bit
2018-05-10 16:17:09 [scrapy.crawler] INFO: Overridden settings: {'BOT_NAME': 'get_douban', 'LOG_FILE': 'all.log', 'NEWSPIDER_MODULE': 'get_douban.spiders', 'ROBOTSTXT_OBEY': True, 'SPIDER_MODULES': ['get_douban.spiders']}
2018-05-10 16:17:09 [scrapy.middleware] INFO: Enabled extensions:
['scrapy.extensions.corestats.CoreStats',
 'scrapy.extensions.telnet.TelnetConsole',
 'scrapy.extensions.memusage.MemoryUsage',
 'scrapy.extensions.logstats.LogStats']
2018-05-10 16:17:09 [scrapy.middleware] INFO: Enabled downloader middlewares:
['scrapy.downloadermiddlewares.robotstxt.RobotsTxtMiddleware',
 'scrapy.downloadermiddlewares.httpauth.HttpAuthMiddleware',
 'scrapy.downloadermiddlewares.downloadtimeout.DownloadTimeoutMiddleware',
 'scrapy.downloadermiddlewares.defaultheaders.DefaultHeadersMiddleware',
 'scrapy.downloadermiddlewares.useragent.UserAgentMiddleware',
 'scrapy.downloadermiddlewares.retry.RetryMiddleware',
 'scrapy.downloadermiddlewares.redirect.MetaRefreshMiddleware',
 'scrapy.downloadermiddlewares.httpcompression.HttpCompressionMiddleware',
 'scrapy.downloadermiddlewares.redirect.RedirectMiddleware',
 'scrapy.downloadermiddlewares.cookies.CookiesMiddleware',
 'scrapy.downloadermiddlewares.httpproxy.HttpProxyMiddleware',
 'scrapy.downloadermiddlewares.stats.DownloaderStats']
2018-05-10 16:17:09 [scrapy.middleware] INFO: Enabled spider middlewares:
['scrapy.spidermiddlewares.httperror.HttpErrorMiddleware',
 'scrapy.spidermiddlewares.offsite.OffsiteMiddleware',
 'scrapy.spidermiddlewares.referer.RefererMiddleware',
 'scrapy.spidermiddlewares.urllength.UrlLengthMiddleware',
 'scrapy.spidermiddlewares.depth.DepthMiddleware']
2018-05-10 16:17:09 [scrapy.middleware] INFO: Enabled item pipelines:
[]
2018-05-10 16:17:09 [scrapy.core.engine] INFO: Spider opened
2018-05-10 16:17:09 [scrapy.extensions.logstats] INFO: Crawled 0 pages (at 0 pages/min), scraped 0 items (at 0 items/min)
2018-05-10 16:17:09 [scrapy.extensions.telnet] DEBUG: Telnet console listening on 127.0.0.1:6023
2018-05-10 16:17:09 [scrapy.core.engine] DEBUG: Crawled (403) <GET http://movie.douban.com/robots.txt> (referer: None)
2018-05-10 16:17:09 [scrapy.core.engine] DEBUG: Crawled (403) <GET http://movie.douban.com/top250> (referer: None)
2018-05-10 16:17:09 [scrapy.spidermiddlewares.httperror] INFO: Ignoring response <403 http://movie.douban.com/top250>: HTTP status code is not handled or not allowed
2018-05-10 16:17:09 [scrapy.core.engine] INFO: Closing spider (finished)
2018-05-10 16:17:09 [scrapy.statscollectors] INFO: Dumping Scrapy stats:
{'downloader/request_bytes': 446,
 'downloader/request_count': 2,
 'downloader/request_method_count/GET': 2,
 'downloader/response_bytes': 496,
 'downloader/response_count': 2,
 'downloader/response_status_count/403': 2,
 'finish_reason': 'finished',
 'finish_time': datetime.datetime(2018, 5, 10, 8, 17, 9, 516518),
 'httperror/response_ignored_count': 1,
 'httperror/response_ignored_status_count/403': 1,
 'log_count/DEBUG': 3,
 'log_count/INFO': 8,
 'memusage/max': 66482176,
 'memusage/startup': 66478080,
 'response_received_count': 2,
 'scheduler/dequeued': 1,
 'scheduler/dequeued/memory': 1,
 'scheduler/enqueued': 1,
 'scheduler/enqueued/memory': 1,
 'start_time': datetime.datetime(2018, 5, 10, 8, 17, 9, 346216)}
2018-05-10 16:17:09 [scrapy.core.engine] INFO: Spider closed (finished)
2018-05-10 16:19:47 [scrapy.utils.log] INFO: Scrapy 1.5.0 started (bot: get_douban)
2018-05-10 16:19:47 [scrapy.utils.log] INFO: Versions: lxml 4.2.1.0, libxml2 2.9.8, cssselect 1.0.3, parsel 1.4.0, w3lib 1.19.0, Twisted 18.4.0, Python 3.6.1 (v3.6.1:69c0db5050, Mar 21 2017, 01:21:04) - [GCC 4.2.1 (Apple Inc. build 5666) (dot 3)], pyOpenSSL 17.5.0 (OpenSSL 1.1.0h  27 Mar 2018), cryptography 2.2.2, Platform Darwin-17.5.0-x86_64-i386-64bit
2018-05-10 16:19:47 [scrapy.crawler] INFO: Overridden settings: {'BOT_NAME': 'get_douban', 'LOG_FILE': 'all.log', 'NEWSPIDER_MODULE': 'get_douban.spiders', 'ROBOTSTXT_OBEY': True, 'SPIDER_MODULES': ['get_douban.spiders']}
2018-05-10 16:19:47 [scrapy.middleware] INFO: Enabled extensions:
['scrapy.extensions.corestats.CoreStats',
 'scrapy.extensions.telnet.TelnetConsole',
 'scrapy.extensions.memusage.MemoryUsage',
 'scrapy.extensions.logstats.LogStats']
2018-05-10 16:19:48 [scrapy.middleware] INFO: Enabled downloader middlewares:
['scrapy.downloadermiddlewares.robotstxt.RobotsTxtMiddleware',
 'scrapy.downloadermiddlewares.httpauth.HttpAuthMiddleware',
 'scrapy.downloadermiddlewares.downloadtimeout.DownloadTimeoutMiddleware',
 'scrapy.downloadermiddlewares.defaultheaders.DefaultHeadersMiddleware',
 'scrapy.downloadermiddlewares.useragent.UserAgentMiddleware',
 'scrapy.downloadermiddlewares.retry.RetryMiddleware',
 'scrapy.downloadermiddlewares.redirect.MetaRefreshMiddleware',
 'scrapy.downloadermiddlewares.httpcompression.HttpCompressionMiddleware',
 'scrapy.downloadermiddlewares.redirect.RedirectMiddleware',
 'scrapy.downloadermiddlewares.cookies.CookiesMiddleware',
 'scrapy.downloadermiddlewares.httpproxy.HttpProxyMiddleware',
 'scrapy.downloadermiddlewares.stats.DownloaderStats']
2018-05-10 16:19:48 [scrapy.middleware] INFO: Enabled spider middlewares:
['scrapy.spidermiddlewares.httperror.HttpErrorMiddleware',
 'scrapy.spidermiddlewares.offsite.OffsiteMiddleware',
 'scrapy.spidermiddlewares.referer.RefererMiddleware',
 'scrapy.spidermiddlewares.urllength.UrlLengthMiddleware',
 'scrapy.spidermiddlewares.depth.DepthMiddleware']
2018-05-10 16:19:48 [scrapy.middleware] INFO: Enabled item pipelines:
[]
2018-05-10 16:19:48 [scrapy.core.engine] INFO: Spider opened
2018-05-10 16:19:48 [scrapy.extensions.logstats] INFO: Crawled 0 pages (at 0 pages/min), scraped 0 items (at 0 items/min)
2018-05-10 16:19:48 [scrapy.extensions.telnet] DEBUG: Telnet console listening on 127.0.0.1:6023
2018-05-10 16:19:48 [scrapy.core.engine] DEBUG: Crawled (403) <GET http://movie.douban.com/robots.txt> (referer: None)
2018-05-10 16:19:48 [scrapy.core.engine] DEBUG: Crawled (403) <GET http://movie.douban.com/top250> (referer: None)
2018-05-10 16:19:48 [scrapy.spidermiddlewares.httperror] INFO: Ignoring response <403 http://movie.douban.com/top250>: HTTP status code is not handled or not allowed
2018-05-10 16:19:48 [scrapy.core.engine] INFO: Closing spider (finished)
2018-05-10 16:19:48 [scrapy.statscollectors] INFO: Dumping Scrapy stats:
{'downloader/request_bytes': 446,
 'downloader/request_count': 2,
 'downloader/request_method_count/GET': 2,
 'downloader/response_bytes': 496,
 'downloader/response_count': 2,
 'downloader/response_status_count/403': 2,
 'finish_reason': 'finished',
 'finish_time': datetime.datetime(2018, 5, 10, 8, 19, 48, 215767),
 'httperror/response_ignored_count': 1,
 'httperror/response_ignored_status_count/403': 1,
 'log_count/DEBUG': 3,
 'log_count/INFO': 8,
 'memusage/max': 66789376,
 'memusage/startup': 66785280,
 'response_received_count': 2,
 'scheduler/dequeued': 1,
 'scheduler/dequeued/memory': 1,
 'scheduler/enqueued': 1,
 'scheduler/enqueued/memory': 1,
 'start_time': datetime.datetime(2018, 5, 10, 8, 19, 48, 72634)}
2018-05-10 16:19:48 [scrapy.core.engine] INFO: Spider closed (finished)
2018-05-10 16:20:33 [scrapy.utils.log] INFO: Scrapy 1.5.0 started (bot: get_douban)
2018-05-10 16:20:33 [scrapy.utils.log] INFO: Versions: lxml 4.2.1.0, libxml2 2.9.8, cssselect 1.0.3, parsel 1.4.0, w3lib 1.19.0, Twisted 18.4.0, Python 3.6.1 (v3.6.1:69c0db5050, Mar 21 2017, 01:21:04) - [GCC 4.2.1 (Apple Inc. build 5666) (dot 3)], pyOpenSSL 17.5.0 (OpenSSL 1.1.0h  27 Mar 2018), cryptography 2.2.2, Platform Darwin-17.5.0-x86_64-i386-64bit
2018-05-10 16:20:33 [scrapy.crawler] INFO: Overridden settings: {'BOT_NAME': 'get_douban', 'LOG_FILE': 'all.log', 'NEWSPIDER_MODULE': 'get_douban.spiders', 'ROBOTSTXT_OBEY': True, 'SPIDER_MODULES': ['get_douban.spiders']}
2018-05-10 16:20:33 [scrapy.middleware] INFO: Enabled extensions:
['scrapy.extensions.corestats.CoreStats',
 'scrapy.extensions.telnet.TelnetConsole',
 'scrapy.extensions.memusage.MemoryUsage',
 'scrapy.extensions.logstats.LogStats']
2018-05-10 16:20:33 [scrapy.middleware] INFO: Enabled downloader middlewares:
['scrapy.downloadermiddlewares.robotstxt.RobotsTxtMiddleware',
 'scrapy.downloadermiddlewares.httpauth.HttpAuthMiddleware',
 'scrapy.downloadermiddlewares.downloadtimeout.DownloadTimeoutMiddleware',
 'scrapy.downloadermiddlewares.defaultheaders.DefaultHeadersMiddleware',
 'scrapy.downloadermiddlewares.useragent.UserAgentMiddleware',
 'scrapy.downloadermiddlewares.retry.RetryMiddleware',
 'scrapy.downloadermiddlewares.redirect.MetaRefreshMiddleware',
 'scrapy.downloadermiddlewares.httpcompression.HttpCompressionMiddleware',
 'scrapy.downloadermiddlewares.redirect.RedirectMiddleware',
 'scrapy.downloadermiddlewares.cookies.CookiesMiddleware',
 'scrapy.downloadermiddlewares.httpproxy.HttpProxyMiddleware',
 'scrapy.downloadermiddlewares.stats.DownloaderStats']
2018-05-10 16:20:33 [scrapy.middleware] INFO: Enabled spider middlewares:
['scrapy.spidermiddlewares.httperror.HttpErrorMiddleware',
 'scrapy.spidermiddlewares.offsite.OffsiteMiddleware',
 'scrapy.spidermiddlewares.referer.RefererMiddleware',
 'scrapy.spidermiddlewares.urllength.UrlLengthMiddleware',
 'scrapy.spidermiddlewares.depth.DepthMiddleware']
2018-05-10 16:20:33 [scrapy.middleware] INFO: Enabled item pipelines:
[]
2018-05-10 16:20:33 [scrapy.core.engine] INFO: Spider opened
2018-05-10 16:20:33 [scrapy.extensions.logstats] INFO: Crawled 0 pages (at 0 pages/min), scraped 0 items (at 0 items/min)
2018-05-10 16:20:33 [scrapy.extensions.telnet] DEBUG: Telnet console listening on 127.0.0.1:6023
2018-05-10 16:20:33 [scrapy.core.engine] DEBUG: Crawled (403) <GET http://movie.douban.com/robots.txt> (referer: None)
2018-05-10 16:20:33 [scrapy.core.engine] DEBUG: Crawled (403) <GET http://movie.douban.com/top250> (referer: None)
2018-05-10 16:20:33 [scrapy.spidermiddlewares.httperror] INFO: Ignoring response <403 http://movie.douban.com/top250>: HTTP status code is not handled or not allowed
2018-05-10 16:20:33 [scrapy.core.engine] INFO: Closing spider (finished)
2018-05-10 16:20:33 [scrapy.statscollectors] INFO: Dumping Scrapy stats:
{'downloader/request_bytes': 446,
 'downloader/request_count': 2,
 'downloader/request_method_count/GET': 2,
 'downloader/response_bytes': 496,
 'downloader/response_count': 2,
 'downloader/response_status_count/403': 2,
 'finish_reason': 'finished',
 'finish_time': datetime.datetime(2018, 5, 10, 8, 20, 33, 366949),
 'httperror/response_ignored_count': 1,
 'httperror/response_ignored_status_count/403': 1,
 'log_count/DEBUG': 3,
 'log_count/INFO': 8,
 'memusage/max': 66887680,
 'memusage/startup': 66887680,
 'response_received_count': 2,
 'scheduler/dequeued': 1,
 'scheduler/dequeued/memory': 1,
 'scheduler/enqueued': 1,
 'scheduler/enqueued/memory': 1,
 'start_time': datetime.datetime(2018, 5, 10, 8, 20, 33, 232461)}
2018-05-10 16:20:33 [scrapy.core.engine] INFO: Spider closed (finished)
2018-05-10 16:21:21 [scrapy.utils.log] INFO: Scrapy 1.5.0 started (bot: get_douban)
2018-05-10 16:21:21 [scrapy.utils.log] INFO: Versions: lxml 4.2.1.0, libxml2 2.9.8, cssselect 1.0.3, parsel 1.4.0, w3lib 1.19.0, Twisted 18.4.0, Python 3.6.1 (v3.6.1:69c0db5050, Mar 21 2017, 01:21:04) - [GCC 4.2.1 (Apple Inc. build 5666) (dot 3)], pyOpenSSL 17.5.0 (OpenSSL 1.1.0h  27 Mar 2018), cryptography 2.2.2, Platform Darwin-17.5.0-x86_64-i386-64bit
2018-05-10 16:21:21 [scrapy.crawler] INFO: Overridden settings: {'BOT_NAME': 'get_douban', 'LOG_FILE': 'all.log', 'NEWSPIDER_MODULE': 'get_douban.spiders', 'ROBOTSTXT_OBEY': True, 'SPIDER_MODULES': ['get_douban.spiders']}
2018-05-10 16:21:22 [scrapy.middleware] INFO: Enabled extensions:
['scrapy.extensions.corestats.CoreStats',
 'scrapy.extensions.telnet.TelnetConsole',
 'scrapy.extensions.memusage.MemoryUsage',
 'scrapy.extensions.logstats.LogStats']
2018-05-10 16:21:22 [scrapy.middleware] INFO: Enabled downloader middlewares:
['scrapy.downloadermiddlewares.robotstxt.RobotsTxtMiddleware',
 'scrapy.downloadermiddlewares.httpauth.HttpAuthMiddleware',
 'scrapy.downloadermiddlewares.downloadtimeout.DownloadTimeoutMiddleware',
 'scrapy.downloadermiddlewares.defaultheaders.DefaultHeadersMiddleware',
 'scrapy.downloadermiddlewares.useragent.UserAgentMiddleware',
 'scrapy.downloadermiddlewares.retry.RetryMiddleware',
 'scrapy.downloadermiddlewares.redirect.MetaRefreshMiddleware',
 'scrapy.downloadermiddlewares.httpcompression.HttpCompressionMiddleware',
 'scrapy.downloadermiddlewares.redirect.RedirectMiddleware',
 'scrapy.downloadermiddlewares.cookies.CookiesMiddleware',
 'scrapy.downloadermiddlewares.httpproxy.HttpProxyMiddleware',
 'scrapy.downloadermiddlewares.stats.DownloaderStats']
2018-05-10 16:21:22 [scrapy.middleware] INFO: Enabled spider middlewares:
['scrapy.spidermiddlewares.httperror.HttpErrorMiddleware',
 'scrapy.spidermiddlewares.offsite.OffsiteMiddleware',
 'scrapy.spidermiddlewares.referer.RefererMiddleware',
 'scrapy.spidermiddlewares.urllength.UrlLengthMiddleware',
 'scrapy.spidermiddlewares.depth.DepthMiddleware']
2018-05-10 16:21:22 [scrapy.middleware] INFO: Enabled item pipelines:
[]
2018-05-10 16:21:22 [scrapy.core.engine] INFO: Spider opened
2018-05-10 16:21:22 [scrapy.extensions.logstats] INFO: Crawled 0 pages (at 0 pages/min), scraped 0 items (at 0 items/min)
2018-05-10 16:21:22 [scrapy.extensions.telnet] DEBUG: Telnet console listening on 127.0.0.1:6023
2018-05-10 16:21:22 [scrapy.core.engine] DEBUG: Crawled (403) <GET https://movie.douban.com/robots.txt> (referer: None)
2018-05-10 16:21:22 [scrapy.core.engine] DEBUG: Crawled (403) <GET https://movie.douban.com/top250> (referer: None)
2018-05-10 16:21:22 [scrapy.spidermiddlewares.httperror] INFO: Ignoring response <403 https://movie.douban.com/top250>: HTTP status code is not handled or not allowed
2018-05-10 16:21:22 [scrapy.core.engine] INFO: Closing spider (finished)
2018-05-10 16:21:22 [scrapy.statscollectors] INFO: Dumping Scrapy stats:
{'downloader/request_bytes': 446,
 'downloader/request_count': 2,
 'downloader/request_method_count/GET': 2,
 'downloader/response_bytes': 496,
 'downloader/response_count': 2,
 'downloader/response_status_count/403': 2,
 'finish_reason': 'finished',
 'finish_time': datetime.datetime(2018, 5, 10, 8, 21, 22, 801944),
 'httperror/response_ignored_count': 1,
 'httperror/response_ignored_status_count/403': 1,
 'log_count/DEBUG': 3,
 'log_count/INFO': 8,
 'memusage/max': 66863104,
 'memusage/startup': 66859008,
 'response_received_count': 2,
 'scheduler/dequeued': 1,
 'scheduler/dequeued/memory': 1,
 'scheduler/enqueued': 1,
 'scheduler/enqueued/memory': 1,
 'start_time': datetime.datetime(2018, 5, 10, 8, 21, 22, 65741)}
2018-05-10 16:21:22 [scrapy.core.engine] INFO: Spider closed (finished)
